2024-04-05T14:55:46.302+06:00  INFO 109948 --- [restartedMain] com.ru.volga.SpringShop11.Application    : Starting Application using Java 19.0.1 with PID 109948 (C:\Users\Andruha\Downloads\SpringShop1.1\target\classes started by Andruha in C:\Users\Andruha\Downloads\SpringShop1.1)
2024-04-05T14:55:46.310+06:00  INFO 109948 --- [restartedMain] com.ru.volga.SpringShop11.Application    : No active profile set, falling back to 1 default profile: "default"
2024-04-05T14:55:46.616+06:00  INFO 109948 --- [restartedMain] .e.DevToolsPropertyDefaultsPostProcessor : Devtools property defaults active! Set 'spring.devtools.add-properties' to 'false' to disable
2024-04-05T14:55:46.616+06:00  INFO 109948 --- [restartedMain] .e.DevToolsPropertyDefaultsPostProcessor : For additional web related logging consider setting the 'logging.level.web' property to 'DEBUG'
2024-04-05T14:55:49.213+06:00  INFO 109948 --- [restartedMain] .s.d.r.c.RepositoryConfigurationDelegate : Multiple Spring Data modules found, entering strict repository configuration mode
2024-04-05T14:55:49.223+06:00  INFO 109948 --- [restartedMain] .s.d.r.c.RepositoryConfigurationDelegate : Bootstrapping Spring Data JPA repositories in DEFAULT mode.
2024-04-05T14:55:49.533+06:00  INFO 109948 --- [restartedMain] .s.d.r.c.RepositoryConfigurationDelegate : Finished Spring Data repository scanning in 298 ms. Found 4 JPA repository interfaces.
2024-04-05T14:55:49.590+06:00  INFO 109948 --- [restartedMain] .s.d.r.c.RepositoryConfigurationDelegate : Multiple Spring Data modules found, entering strict repository configuration mode
2024-04-05T14:55:49.591+06:00  INFO 109948 --- [restartedMain] .s.d.r.c.RepositoryConfigurationDelegate : Bootstrapping Spring Data Redis repositories in DEFAULT mode.
2024-04-05T14:55:49.610+06:00  INFO 109948 --- [restartedMain] .RepositoryConfigurationExtensionSupport : Spring Data Redis - Could not safely identify store assignment for repository candidate interface com.ru.volga.SpringShop11.dao.BucketRepository; If you want this repository to be a Redis repository, consider annotating your entities with one of these annotations: org.springframework.data.redis.core.RedisHash (preferred), or consider extending one of the following types with your repository: org.springframework.data.keyvalue.repository.KeyValueRepository
2024-04-05T14:55:49.610+06:00  INFO 109948 --- [restartedMain] .RepositoryConfigurationExtensionSupport : Spring Data Redis - Could not safely identify store assignment for repository candidate interface com.ru.volga.SpringShop11.dao.OrderRepository; If you want this repository to be a Redis repository, consider annotating your entities with one of these annotations: org.springframework.data.redis.core.RedisHash (preferred), or consider extending one of the following types with your repository: org.springframework.data.keyvalue.repository.KeyValueRepository
2024-04-05T14:55:49.610+06:00  INFO 109948 --- [restartedMain] .RepositoryConfigurationExtensionSupport : Spring Data Redis - Could not safely identify store assignment for repository candidate interface com.ru.volga.SpringShop11.dao.ProductRepository; If you want this repository to be a Redis repository, consider annotating your entities with one of these annotations: org.springframework.data.redis.core.RedisHash (preferred), or consider extending one of the following types with your repository: org.springframework.data.keyvalue.repository.KeyValueRepository
2024-04-05T14:55:49.611+06:00  INFO 109948 --- [restartedMain] .RepositoryConfigurationExtensionSupport : Spring Data Redis - Could not safely identify store assignment for repository candidate interface com.ru.volga.SpringShop11.dao.UserRepository; If you want this repository to be a Redis repository, consider annotating your entities with one of these annotations: org.springframework.data.redis.core.RedisHash (preferred), or consider extending one of the following types with your repository: org.springframework.data.keyvalue.repository.KeyValueRepository
2024-04-05T14:55:49.611+06:00  INFO 109948 --- [restartedMain] .s.d.r.c.RepositoryConfigurationDelegate : Finished Spring Data repository scanning in 9 ms. Found 0 Redis repository interfaces.
2024-04-05T14:55:51.660+06:00  INFO 109948 --- [restartedMain] o.s.b.w.embedded.tomcat.TomcatWebServer  : Tomcat initialized with port 5050 (http)
2024-04-05T14:55:51.721+06:00  INFO 109948 --- [restartedMain] o.apache.catalina.core.StandardService   : Starting service [Tomcat]
2024-04-05T14:55:51.722+06:00  INFO 109948 --- [restartedMain] o.apache.catalina.core.StandardEngine    : Starting Servlet engine: [Apache Tomcat/10.1.19]
2024-04-05T14:55:51.907+06:00  INFO 109948 --- [restartedMain] o.a.c.c.C.[Tomcat].[localhost].[/]       : Initializing Spring embedded WebApplicationContext
2024-04-05T14:55:51.907+06:00  INFO 109948 --- [restartedMain] w.s.c.ServletWebServerApplicationContext : Root WebApplicationContext: initialization completed in 5291 ms
2024-04-05T14:55:52.730+06:00  INFO 109948 --- [restartedMain] com.zaxxer.hikari.HikariDataSource       : HikariPool-1 - Starting...
2024-04-05T14:55:53.982+06:00  INFO 109948 --- [restartedMain] com.zaxxer.hikari.pool.HikariPool        : HikariPool-1 - Added connection org.postgresql.jdbc.PgConnection@6bbdf00e
2024-04-05T14:55:53.983+06:00  INFO 109948 --- [restartedMain] com.zaxxer.hikari.HikariDataSource       : HikariPool-1 - Start completed.
2024-04-05T14:55:58.559+06:00  INFO 109948 --- [restartedMain] o.f.c.internal.license.VersionPrinter    : Flyway Community Edition 9.22.3 by Redgate
2024-04-05T14:55:58.559+06:00  INFO 109948 --- [restartedMain] o.f.c.internal.license.VersionPrinter    : See release notes here: https://rd.gt/416ObMi
2024-04-05T14:55:58.559+06:00  INFO 109948 --- [restartedMain] o.f.c.internal.license.VersionPrinter    : 
2024-04-05T14:55:58.576+06:00  INFO 109948 --- [restartedMain] org.flywaydb.core.FlywayExecutor         : Database: jdbc:postgresql://localhost:5432/springShop1.1 (PostgreSQL 16.2)
2024-04-05T14:55:58.582+06:00  WARN 109948 --- [restartedMain] o.f.c.internal.database.base.Database    : Flyway upgrade recommended: PostgreSQL 16.2 is newer than this version of Flyway and support has not been tested. The latest supported version of PostgreSQL is 15.
2024-04-05T14:56:10.267+06:00  INFO 109948 --- [restartedMain] o.f.core.internal.command.DbValidate     : Successfully validated 3 migrations (execution time 00:04.643s)
2024-04-05T14:56:11.047+06:00  INFO 109948 --- [restartedMain] o.f.core.internal.command.DbMigrate      : Current version of schema "public": 3
2024-04-05T14:56:11.875+06:00  INFO 109948 --- [restartedMain] o.f.core.internal.command.DbMigrate      : Schema "public" is up to date. No migration necessary.
2024-04-05T14:56:16.048+06:00  INFO 109948 --- [restartedMain] o.hibernate.jpa.internal.util.LogHelper  : HHH000204: Processing PersistenceUnitInfo [name: default]
2024-04-05T14:56:21.188+06:00  INFO 109948 --- [restartedMain] org.hibernate.Version                    : HHH000412: Hibernate ORM core version 6.4.4.Final
2024-04-05T14:56:22.183+06:00  INFO 109948 --- [restartedMain] o.h.c.internal.RegionFactoryInitiator    : HHH000026: Second-level cache disabled
2024-04-05T14:56:25.544+06:00  INFO 109948 --- [restartedMain] o.s.o.j.p.SpringPersistenceUnitInfo      : No LoadTimeWeaver setup: ignoring JPA class transformer
2024-04-05T14:56:28.564+06:00  INFO 109948 --- [restartedMain] o.h.e.t.j.p.i.JtaPlatformInitiator       : HHH000489: No JTA platform available (set 'hibernate.transaction.jta.platform' to enable JTA platform integration)
2024-04-05T14:56:29.837+06:00  INFO 109948 --- [restartedMain] j.LocalContainerEntityManagerFactoryBean : Initialized JPA EntityManagerFactory for persistence unit 'default'
2024-04-05T14:56:30.550+06:00  INFO 109948 --- [restartedMain] c.r.v.S.service.UserServiceImpl          : constructor called
2024-04-05T14:56:30.967+06:00  WARN 109948 --- [restartedMain] JpaBaseConfiguration$JpaWebConfiguration : spring.jpa.open-in-view is enabled by default. Therefore, database queries may be performed during view rendering. Explicitly configure spring.jpa.open-in-view to disable this warning
2024-04-05T14:56:31.232+06:00  INFO 109948 --- [restartedMain] o.s.b.a.w.s.WelcomePageHandlerMapping    : Adding welcome page template: index
2024-04-05T14:56:31.346+06:00 DEBUG 109948 --- [restartedMain] s.w.s.m.m.a.RequestMappingHandlerMapping : 24 mappings in 'requestMappingHandlerMapping'
2024-04-05T14:56:31.504+06:00 DEBUG 109948 --- [restartedMain] o.s.w.s.handler.SimpleUrlHandlerMapping  : Patterns [/webjars/**, /**] in 'resourceHandlerMapping'
2024-04-05T14:56:31.575+06:00  INFO 109948 --- [restartedMain] o.s.s.web.DefaultSecurityFilterChain     : Will secure any request with [org.springframework.security.web.session.DisableEncodeUrlFilter@5d0c369e, org.springframework.security.web.context.request.async.WebAsyncManagerIntegrationFilter@7ece03c0, org.springframework.security.web.context.SecurityContextHolderFilter@43d8d84a, org.springframework.security.web.header.HeaderWriterFilter@1200862c, org.springframework.web.filter.CorsFilter@750614d6, org.springframework.security.web.authentication.logout.LogoutFilter@7edd000c, org.springframework.security.web.authentication.UsernamePasswordAuthenticationFilter@3f8ac8b, org.springframework.security.web.savedrequest.RequestCacheAwareFilter@1a877ba3, org.springframework.security.web.servletapi.SecurityContextHolderAwareRequestFilter@5100cf4f, org.springframework.security.web.authentication.AnonymousAuthenticationFilter@776643d3, org.springframework.security.web.access.ExceptionTranslationFilter@134a5c6a, org.springframework.security.web.access.intercept.AuthorizationFilter@549beb04]
2024-04-05T14:56:31.768+06:00 DEBUG 109948 --- [restartedMain] s.w.s.m.m.a.RequestMappingHandlerAdapter : ControllerAdvice beans: 0 @ModelAttribute, 0 @InitBinder, 1 RequestBodyAdvice, 1 ResponseBodyAdvice
2024-04-05T14:56:31.824+06:00 DEBUG 109948 --- [restartedMain] .m.m.a.ExceptionHandlerExceptionResolver : ControllerAdvice beans: 1 @ExceptionHandler, 1 ResponseBodyAdvice
2024-04-05T14:56:32.316+06:00  INFO 109948 --- [restartedMain] o.s.b.d.a.OptionalLiveReloadServer       : LiveReload server is running on port 35729
2024-04-05T14:56:32.424+06:00  INFO 109948 --- [restartedMain] o.s.b.w.embedded.tomcat.TomcatWebServer  : Tomcat started on port 5050 (http) with context path ''
2024-04-05T14:56:32.467+06:00  INFO 109948 --- [restartedMain] com.ru.volga.SpringShop11.Application    : Started Application in 49.958 seconds (process running for 53.052)
